2022-09-20 12:08:38 INFO     Starting download script for pina and 2018-03-10.
2022-09-20 13:13:28 INFO     Starting download script for pina and 2018-03-10.
2022-09-20 13:18:15 INFO     Starting download script for pina and 2018-03-10.
2022-09-20 13:18:15 INFO     Downloading skymap from data.phys.ucalgary.ca/data/sort_by_project/THEMIS/asi/skymaps/pina/pina_20170930/...
2022-09-20 13:18:17 INFO     Successfully downloaded skymap. It is saved at /Volumes/Garrys_T7/rtroyer-useful-functions/image/pina/tmp/2018-03-10/.
2022-09-20 13:18:17 INFO     Downloading images from data.phys.ucalgary.ca/data/sort_by_project/THEMIS/asi/stream0/2018/03/10/pina*/...
2022-09-20 13:20:27 INFO     Successfully downloaded images. They are saved at /Volumes/Garrys_T7/rtroyer-useful-functions/image/pina/tmp/2018-03-10/.
2022-09-20 13:20:27 INFO     Finished download script for pina and 2018-03-10.
2022-09-20 13:20:27 INFO     Starting h5 file creation script for pina and 2018-03-10...
2022-09-20 13:20:27 INFO     Read in skymap file from: themis_skymap_pina_20170930-+_vXX.sav
2022-09-20 13:20:27 INFO     Processing and writing images to file...
2022-09-20 13:20:30 INFO     Starting download script for pina and 2018-03-10.
2022-09-20 13:20:30 INFO     Starting download script for pina and 2018-03-10.
2022-09-20 13:20:31 INFO     Images already exists for 2018-03-10, so will not download.
2022-09-20 13:20:31 INFO     Finished download script for pina and 2018-03-10.
2022-09-20 13:20:31 INFO     Starting h5 file creation script for pina and 2018-03-10...
2022-09-20 13:20:31 INFO     Images already exists for 2018-03-10, so will not download.
2022-09-20 13:20:31 INFO     Finished download script for pina and 2018-03-10.
2022-09-20 13:20:31 INFO     Starting h5 file creation script for pina and 2018-03-10...
2022-09-20 13:20:31 INFO     Read in skymap file from: themis_skymap_pina_20170930-+_vXX.sav
2022-09-20 13:20:31 INFO     Read in skymap file from: themis_skymap_pina_20170930-+_vXX.sav
2022-09-20 13:20:33 INFO     Starting download script for pina and 2018-03-10.
2022-09-20 13:20:33 INFO     Starting download script for pina and 2018-03-10.
2022-09-20 13:20:34 INFO     Images already exists for 2018-03-10, so will not download.
2022-09-20 13:20:34 INFO     Finished download script for pina and 2018-03-10.
2022-09-20 13:20:34 INFO     Starting h5 file creation script for pina and 2018-03-10...
2022-09-20 13:20:34 INFO     Images already exists for 2018-03-10, so will not download.
2022-09-20 13:20:34 INFO     Finished download script for pina and 2018-03-10.
2022-09-20 13:20:34 INFO     Starting h5 file creation script for pina and 2018-03-10...
2022-09-20 13:20:34 INFO     Read in skymap file from: themis_skymap_pina_20170930-+_vXX.sav
2022-09-20 13:20:34 INFO     Read in skymap file from: themis_skymap_pina_20170930-+_vXX.sav
2022-09-20 13:20:36 INFO     Starting download script for pina and 2018-03-10.
2022-09-20 13:20:36 INFO     Starting download script for pina and 2018-03-10.
2022-09-20 13:20:37 INFO     Images already exists for 2018-03-10, so will not download.
2022-09-20 13:20:37 INFO     Finished download script for pina and 2018-03-10.
2022-09-20 13:20:37 INFO     Starting h5 file creation script for pina and 2018-03-10...
2022-09-20 13:20:37 INFO     Read in skymap file from: themis_skymap_pina_20170930-+_vXX.sav
2022-09-20 13:20:37 INFO     Images already exists for 2018-03-10, so will not download.
2022-09-20 13:20:37 INFO     Finished download script for pina and 2018-03-10.
2022-09-20 13:20:37 INFO     Starting h5 file creation script for pina and 2018-03-10...
2022-09-20 13:20:37 INFO     Read in skymap file from: themis_skymap_pina_20170930-+_vXX.sav
2022-09-20 13:20:40 INFO     Starting download script for pina and 2018-03-10.
2022-09-20 13:20:40 INFO     Starting download script for pina and 2018-03-10.
2022-09-20 13:20:40 INFO     Images already exists for 2018-03-10, so will not download.
2022-09-20 13:20:40 INFO     Finished download script for pina and 2018-03-10.
2022-09-20 13:20:40 INFO     Starting h5 file creation script for pina and 2018-03-10...
2022-09-20 13:20:40 INFO     Read in skymap file from: themis_skymap_pina_20170930-+_vXX.sav
2022-09-20 13:20:41 INFO     Images already exists for 2018-03-10, so will not download.
2022-09-20 13:20:41 INFO     Finished download script for pina and 2018-03-10.
2022-09-20 13:20:41 INFO     Starting h5 file creation script for pina and 2018-03-10...
2022-09-20 13:20:41 INFO     Read in skymap file from: themis_skymap_pina_20170930-+_vXX.sav
2022-09-20 13:20:41 CRITICAL Unable to write images to file. Stopping. Deleting h5 file and, if specified, images.
2022-09-20 13:20:41 CRITICAL Exception: zero-size array to reduction operation minimum which has no identity
2022-09-20 13:21:17 INFO     Starting download script for pina and 2018-03-10.
2022-09-20 13:21:18 INFO     Images already exists for 2018-03-10, so will not download.
2022-09-20 13:21:18 INFO     Finished download script for pina and 2018-03-10.
2022-09-20 13:21:18 INFO     Starting h5 file creation script for pina and 2018-03-10...
2022-09-20 13:21:18 INFO     Read in skymap file from: themis_skymap_pina_20170930-+_vXX.sav
2022-09-20 13:21:18 INFO     Processing and writing images to file...
2022-09-20 13:21:20 INFO     Starting download script for pina and 2018-03-10.
2022-09-20 13:21:20 INFO     Starting download script for pina and 2018-03-10.
2022-09-20 13:21:21 INFO     Images already exists for 2018-03-10, so will not download.
2022-09-20 13:21:21 INFO     Finished download script for pina and 2018-03-10.
2022-09-20 13:21:21 INFO     Starting h5 file creation script for pina and 2018-03-10...
2022-09-20 13:21:21 INFO     Images already exists for 2018-03-10, so will not download.
2022-09-20 13:21:21 INFO     Finished download script for pina and 2018-03-10.
2022-09-20 13:21:21 INFO     Starting h5 file creation script for pina and 2018-03-10...
2022-09-20 13:21:21 INFO     Read in skymap file from: themis_skymap_pina_20170930-+_vXX.sav
2022-09-20 13:21:21 INFO     Read in skymap file from: themis_skymap_pina_20170930-+_vXX.sav
2022-09-20 13:21:23 INFO     Starting download script for pina and 2018-03-10.
2022-09-20 13:21:23 INFO     Starting download script for pina and 2018-03-10.
2022-09-20 13:21:24 INFO     Images already exists for 2018-03-10, so will not download.
2022-09-20 13:21:24 INFO     Finished download script for pina and 2018-03-10.
2022-09-20 13:21:24 INFO     Starting h5 file creation script for pina and 2018-03-10...
2022-09-20 13:21:24 INFO     Read in skymap file from: themis_skymap_pina_20170930-+_vXX.sav
2022-09-20 13:21:24 INFO     Images already exists for 2018-03-10, so will not download.
2022-09-20 13:21:24 INFO     Finished download script for pina and 2018-03-10.
2022-09-20 13:21:24 INFO     Starting h5 file creation script for pina and 2018-03-10...
2022-09-20 13:21:24 INFO     Read in skymap file from: themis_skymap_pina_20170930-+_vXX.sav
2022-09-20 13:21:26 INFO     Starting download script for pina and 2018-03-10.
2022-09-20 13:21:27 INFO     Starting download script for pina and 2018-03-10.
2022-09-20 13:21:27 INFO     Images already exists for 2018-03-10, so will not download.
2022-09-20 13:21:27 INFO     Finished download script for pina and 2018-03-10.
2022-09-20 13:21:27 INFO     Starting h5 file creation script for pina and 2018-03-10...
2022-09-20 13:21:27 INFO     Read in skymap file from: themis_skymap_pina_20170930-+_vXX.sav
2022-09-20 13:21:27 INFO     Images already exists for 2018-03-10, so will not download.
2022-09-20 13:21:27 INFO     Finished download script for pina and 2018-03-10.
2022-09-20 13:21:27 INFO     Starting h5 file creation script for pina and 2018-03-10...
2022-09-20 13:21:27 INFO     Read in skymap file from: themis_skymap_pina_20170930-+_vXX.sav
2022-09-20 13:21:29 CRITICAL Unable to write images to file. Stopping. Deleting h5 file and, if specified, images.
2022-09-20 13:21:29 CRITICAL Exception: zero-size array to reduction operation minimum which has no identity
2022-09-20 13:21:35 INFO     Starting download script for pina and 2018-03-10.
2022-09-20 13:21:36 INFO     Images already exists for 2018-03-10, so will not download.
2022-09-20 13:21:36 INFO     Finished download script for pina and 2018-03-10.
2022-09-20 13:21:59 INFO     Starting h5 file creation script for pina and 2018-03-10...
2022-09-20 13:21:59 INFO     Read in skymap file from: themis_skymap_pina_20170930-+_vXX.sav
2022-09-20 13:21:59 INFO     Processing and writing images to file...
2022-09-20 13:22:01 INFO     Starting h5 file creation script for pina and 2018-03-10...
2022-09-20 13:22:01 INFO     Starting h5 file creation script for pina and 2018-03-10...
2022-09-20 13:22:01 INFO     Read in skymap file from: themis_skymap_pina_20170930-+_vXX.sav
2022-09-20 13:22:01 INFO     Read in skymap file from: themis_skymap_pina_20170930-+_vXX.sav
2022-09-20 13:22:03 INFO     Starting h5 file creation script for pina and 2018-03-10...
2022-09-20 13:22:03 INFO     Read in skymap file from: themis_skymap_pina_20170930-+_vXX.sav
2022-09-20 13:22:03 INFO     Starting h5 file creation script for pina and 2018-03-10...
2022-09-20 13:22:03 INFO     Read in skymap file from: themis_skymap_pina_20170930-+_vXX.sav
2022-09-20 13:22:06 INFO     Starting h5 file creation script for pina and 2018-03-10...
2022-09-20 13:22:06 INFO     Starting h5 file creation script for pina and 2018-03-10...
2022-09-20 13:22:06 INFO     Read in skymap file from: themis_skymap_pina_20170930-+_vXX.sav
2022-09-20 13:22:06 INFO     Read in skymap file from: themis_skymap_pina_20170930-+_vXX.sav
2022-09-20 13:22:08 INFO     Starting h5 file creation script for pina and 2018-03-10...
2022-09-20 13:22:08 INFO     Starting h5 file creation script for pina and 2018-03-10...
2022-09-20 13:22:08 INFO     Read in skymap file from: themis_skymap_pina_20170930-+_vXX.sav
2022-09-20 13:22:08 INFO     Read in skymap file from: themis_skymap_pina_20170930-+_vXX.sav
2022-09-20 13:22:10 CRITICAL Unable to write images to file. Stopping. Deleting h5 file and, if specified, images.
2022-09-20 13:22:10 CRITICAL Exception: zero-size array to reduction operation minimum which has no identity
2022-09-20 13:22:36 INFO     Starting h5 file creation script for pina and 2018-03-10...
2022-09-20 13:22:36 INFO     Read in skymap file from: themis_skymap_pina_20170930-+_vXX.sav
2022-09-20 13:22:36 INFO     Processing and writing images to file...
2022-09-20 13:22:38 INFO     Starting h5 file creation script for pina and 2018-03-10...
2022-09-20 13:22:38 INFO     Starting h5 file creation script for pina and 2018-03-10...
2022-09-20 13:22:38 INFO     Read in skymap file from: themis_skymap_pina_20170930-+_vXX.sav
2022-09-20 13:22:38 INFO     Read in skymap file from: themis_skymap_pina_20170930-+_vXX.sav
2022-09-20 13:22:40 INFO     Starting h5 file creation script for pina and 2018-03-10...
2022-09-20 13:22:40 INFO     Starting h5 file creation script for pina and 2018-03-10...
2022-09-20 13:22:40 INFO     Read in skymap file from: themis_skymap_pina_20170930-+_vXX.sav
2022-09-20 13:22:40 INFO     Read in skymap file from: themis_skymap_pina_20170930-+_vXX.sav
2022-09-20 13:22:42 INFO     Starting h5 file creation script for pina and 2018-03-10...
2022-09-20 13:22:42 INFO     Starting h5 file creation script for pina and 2018-03-10...
2022-09-20 13:22:42 INFO     Read in skymap file from: themis_skymap_pina_20170930-+_vXX.sav
2022-09-20 13:22:42 INFO     Read in skymap file from: themis_skymap_pina_20170930-+_vXX.sav
2022-09-20 13:22:45 INFO     Starting h5 file creation script for pina and 2018-03-10...
2022-09-20 13:22:45 INFO     Starting h5 file creation script for pina and 2018-03-10...
2022-09-20 13:22:45 INFO     Read in skymap file from: themis_skymap_pina_20170930-+_vXX.sav
2022-09-20 13:22:45 INFO     Read in skymap file from: themis_skymap_pina_20170930-+_vXX.sav
2022-09-20 13:22:46 CRITICAL Unable to write images to file. Stopping. Deleting h5 file and, if specified, images.
2022-09-20 13:22:46 CRITICAL Exception: zero-size array to reduction operation minimum which has no identity
2022-09-20 13:28:19 INFO     test code start
2022-09-20 13:28:19 INFO     Starting h5 file creation script for pina and 2018-03-10...
2022-09-20 13:28:19 INFO     Read in skymap file from: themis_skymap_pina_20170930-+_vXX.sav
2022-09-20 13:28:19 INFO     Processing and writing images to file...
2022-09-20 13:28:22 INFO     test code start
2022-09-20 13:28:22 INFO     test code start
2022-09-20 13:28:22 INFO     Starting h5 file creation script for pina and 2018-03-10...
2022-09-20 13:28:22 INFO     Starting h5 file creation script for pina and 2018-03-10...
2022-09-20 13:28:22 INFO     Read in skymap file from: themis_skymap_pina_20170930-+_vXX.sav
2022-09-20 13:28:22 INFO     Read in skymap file from: themis_skymap_pina_20170930-+_vXX.sav
2022-09-20 13:28:24 INFO     test code start
2022-09-20 13:28:24 INFO     test code start
2022-09-20 13:28:24 INFO     Starting h5 file creation script for pina and 2018-03-10...
2022-09-20 13:28:24 INFO     Starting h5 file creation script for pina and 2018-03-10...
2022-09-20 13:28:24 INFO     Read in skymap file from: themis_skymap_pina_20170930-+_vXX.sav
2022-09-20 13:28:24 INFO     Read in skymap file from: themis_skymap_pina_20170930-+_vXX.sav
2022-09-20 13:28:26 INFO     test code start
2022-09-20 13:28:26 INFO     test code start
2022-09-20 13:28:26 INFO     Starting h5 file creation script for pina and 2018-03-10...
2022-09-20 13:28:26 INFO     Starting h5 file creation script for pina and 2018-03-10...
2022-09-20 13:28:26 INFO     Read in skymap file from: themis_skymap_pina_20170930-+_vXX.sav
2022-09-20 13:28:26 INFO     Read in skymap file from: themis_skymap_pina_20170930-+_vXX.sav
2022-09-20 13:28:28 INFO     test code start
2022-09-20 13:28:28 INFO     test code start
2022-09-20 13:28:28 INFO     Starting h5 file creation script for pina and 2018-03-10...
2022-09-20 13:28:28 INFO     Starting h5 file creation script for pina and 2018-03-10...
2022-09-20 13:28:28 INFO     Read in skymap file from: themis_skymap_pina_20170930-+_vXX.sav
2022-09-20 13:28:28 INFO     Read in skymap file from: themis_skymap_pina_20170930-+_vXX.sav
2022-09-20 13:28:30 CRITICAL Unable to write images to file. Stopping. Deleting h5 file and, if specified, images.
2022-09-20 13:28:30 CRITICAL Exception: zero-size array to reduction operation minimum which has no identity
2022-09-20 14:44:37 INFO     test code start
2022-09-20 14:44:37 INFO     Starting h5 file creation script for pina and 2018-03-10...
2022-09-20 14:44:37 INFO     Read in skymap file from: themis_skymap_pina_20170930-+_vXX.sav
2022-09-20 14:44:37 INFO     Processing and writing images to file...
2022-09-20 14:46:39 INFO     test code start
2022-09-20 14:46:39 INFO     Starting h5 file creation script for pina and 2018-03-10...
2022-09-20 14:46:39 INFO     Read in skymap file from: themis_skymap_pina_20170930-+_vXX.sav
2022-09-20 14:46:39 INFO     Processing and writing images to file...
2022-09-20 14:46:41 INFO     test code start
2022-09-20 14:46:41 INFO     test code start
2022-09-20 14:46:41 INFO     Starting h5 file creation script for pina and 2018-03-10...
2022-09-20 14:46:41 INFO     Starting h5 file creation script for pina and 2018-03-10...
2022-09-20 14:46:41 INFO     Read in skymap file from: themis_skymap_pina_20170930-+_vXX.sav
2022-09-20 14:46:41 INFO     Read in skymap file from: themis_skymap_pina_20170930-+_vXX.sav
2022-09-20 14:46:44 INFO     test code start
2022-09-20 14:46:44 INFO     test code start
2022-09-20 14:46:44 INFO     Starting h5 file creation script for pina and 2018-03-10...
2022-09-20 14:46:44 INFO     Starting h5 file creation script for pina and 2018-03-10...
2022-09-20 14:46:44 INFO     Read in skymap file from: themis_skymap_pina_20170930-+_vXX.sav
2022-09-20 14:46:44 INFO     Read in skymap file from: themis_skymap_pina_20170930-+_vXX.sav
2022-09-20 14:46:46 INFO     test code start
2022-09-20 14:46:46 INFO     test code start
2022-09-20 14:46:46 INFO     Starting h5 file creation script for pina and 2018-03-10...
2022-09-20 14:46:46 INFO     Starting h5 file creation script for pina and 2018-03-10...
2022-09-20 14:46:46 INFO     Read in skymap file from: themis_skymap_pina_20170930-+_vXX.sav
2022-09-20 14:46:46 INFO     Read in skymap file from: themis_skymap_pina_20170930-+_vXX.sav
2022-09-20 14:46:46 CRITICAL Unable to write images to file. Stopping. Deleting h5 file and, if specified, images.
2022-09-20 14:46:46 CRITICAL Exception: zero-size array to reduction operation minimum which has no identity
